\BOOKMARK [1][-]{section.1}{Oscilador de Wien}{}% 1
\BOOKMARK [1][-]{section.2}{PLL: Phase Locked-Loop}{}% 2
\BOOKMARK [2][-]{subsection.2.1}{Introducci\363n}{section.2}% 3
\BOOKMARK [2][-]{subsection.2.2}{Diagrama en bloques del PLL}{section.2}% 4
\BOOKMARK [3][-]{subsubsection.2.2.1}{Comparador de fase}{subsection.2.2}% 5
\BOOKMARK [3][-]{subsubsection.2.2.2}{Filtro pasabajos}{subsection.2.2}% 6
\BOOKMARK [3][-]{subsubsection.2.2.3}{VCO: Voltage Controlled Oscillator}{subsection.2.2}% 7
\BOOKMARK [2][-]{subsection.2.3}{Respuesta en frecuencia}{section.2}% 8
\BOOKMARK [2][-]{subsection.2.4}{Respuesta al escal\363n}{section.2}% 9
\BOOKMARK [3][-]{subsubsection.2.4.1}{Factor de calidad a partir del overshoot}{subsection.2.4}% 10
\BOOKMARK [3][-]{subsubsection.2.4.2}{Tiempo de establecimiento}{subsection.2.4}% 11
\BOOKMARK [2][-]{subsection.2.5}{Rango de captura y de enganche}{section.2}% 12
\BOOKMARK [3][-]{subsubsection.2.5.1}{Rango de captura}{subsection.2.5}% 13
\BOOKMARK [3][-]{subsubsection.2.5.2}{Ranto de enganche}{subsection.2.5}% 14
\BOOKMARK [2][-]{subsection.2.6}{Respuesta transitoria ante distintos filtros}{section.2}% 15
\BOOKMARK [3][-]{subsubsection.2.6.1}{F\(s\) = 1}{subsection.2.6}% 16
\BOOKMARK [3][-]{subsubsection.2.6.2}{Filtro pasa bajos}{subsection.2.6}% 17
\BOOKMARK [3][-]{subsubsection.2.6.3}{Filtro con un polo y un cero}{subsection.2.6}% 18
\BOOKMARK [2][-]{subsection.2.7}{Implementaciones con PLL}{section.2}% 19
\BOOKMARK [3][-]{subsubsection.2.7.1}{Demodulador FM }{subsection.2.7}% 20
\BOOKMARK [3][-]{subsubsection.2.7.2}{Multiplicador de frecuencia}{subsection.2.7}% 21
\BOOKMARK [2][-]{subsection.2.8}{Conclusiones}{section.2}% 22
\BOOKMARK [1][-]{section.3}{VCO: Voltage Controlled Oscillator}{}% 23
